2020-06-26 00:30:59,880 INFO o.a.j.u.JMeterUtils: Setting Locale to en_EN
2020-06-26 00:30:59,895 INFO o.a.j.JMeter: Setting System property: server_port=1099
2020-06-26 00:30:59,896 INFO o.a.j.JMeter: Copyright (c) 1998-2020 The Apache Software Foundation
2020-06-26 00:30:59,896 INFO o.a.j.JMeter: Version 5.3
2020-06-26 00:30:59,896 INFO o.a.j.JMeter: java.version=1.8.0_252
2020-06-26 00:30:59,896 INFO o.a.j.JMeter: java.vm.name=OpenJDK 64-Bit Server VM
2020-06-26 00:30:59,896 INFO o.a.j.JMeter: os.name=Linux
2020-06-26 00:30:59,896 INFO o.a.j.JMeter: os.arch=amd64
2020-06-26 00:30:59,896 INFO o.a.j.JMeter: os.version=4.4.0-179-generic
2020-06-26 00:30:59,896 INFO o.a.j.JMeter: file.encoding=ANSI_X3.4-1968
2020-06-26 00:30:59,896 INFO o.a.j.JMeter: java.awt.headless=true
2020-06-26 00:30:59,897 INFO o.a.j.JMeter: Max memory     =1073741824
2020-06-26 00:30:59,897 INFO o.a.j.JMeter: Available Processors =2
2020-06-26 00:30:59,901 INFO o.a.j.JMeter: Default Locale=English (EN)
2020-06-26 00:30:59,902 INFO o.a.j.JMeter: JMeter  Locale=English (EN)
2020-06-26 00:30:59,902 INFO o.a.j.JMeter: JMeterHome=/opt/jmeter
2020-06-26 00:30:59,902 INFO o.a.j.JMeter: user.dir  =/root/ansible_playbook
2020-06-26 00:30:59,902 INFO o.a.j.JMeter: PWD       =/root/ansible_playbook
2020-06-26 00:30:59,902 INFO o.a.j.JMeter: IP: 127.0.1.1 Name: new-jitsi FullName: new-jitsi
2020-06-26 00:30:59,914 INFO o.a.j.r.RmiUtils: System property 'java.rmi.server.hostname' is not defined, using localHost address
2020-06-26 00:30:59,914 INFO o.a.j.r.RmiUtils: Local IP address=127.0.1.1
2020-06-26 00:30:59,914 ERROR o.a.j.JMeter: Giving up, as server failed with:
java.rmi.RemoteException: Cannot start. new-jitsi is a loopback address.
	at org.apache.jmeter.rmi.RmiUtils.getRmiHost(RmiUtils.java:145) ~[ApacheJMeter_core.jar:5.3]
	at org.apache.jmeter.rmi.RmiUtils.createServerSocketFactory(RmiUtils.java:112) ~[ApacheJMeter_core.jar:5.3]
	at org.apache.jmeter.engine.RemoteJMeterEngineImpl.<init>(RemoteJMeterEngineImpl.java:66) ~[ApacheJMeter_core.jar:5.3]
	at org.apache.jmeter.engine.RemoteJMeterEngineImpl.startServer(RemoteJMeterEngineImpl.java:72) ~[ApacheJMeter_core.jar:5.3]
	at org.apache.jmeter.JMeter.start(JMeter.java:524) [ApacheJMeter_core.jar:5.3]
	at sun.reflect.NativeMethodAccessorImpl.invoke0(Native Method) ~[?:1.8.0_252]
	at sun.reflect.NativeMethodAccessorImpl.invoke(NativeMethodAccessorImpl.java:62) ~[?:1.8.0_252]
	at sun.reflect.DelegatingMethodAccessorImpl.invoke(DelegatingMethodAccessorImpl.java:43) ~[?:1.8.0_252]
	at java.lang.reflect.Method.invoke(Method.java:498) ~[?:1.8.0_252]
	at org.apache.jmeter.NewDriver.main(NewDriver.java:252) [ApacheJMeter.jar:5.3]
2020-06-26 00:30:59,918 ERROR o.a.j.JMeter: An error occurred: 
java.rmi.RemoteException: Cannot start. new-jitsi is a loopback address.
	at org.apache.jmeter.rmi.RmiUtils.getRmiHost(RmiUtils.java:145) ~[ApacheJMeter_core.jar:5.3]
	at org.apache.jmeter.rmi.RmiUtils.createServerSocketFactory(RmiUtils.java:112) ~[ApacheJMeter_core.jar:5.3]
	at org.apache.jmeter.engine.RemoteJMeterEngineImpl.<init>(RemoteJMeterEngineImpl.java:66) ~[ApacheJMeter_core.jar:5.3]
	at org.apache.jmeter.engine.RemoteJMeterEngineImpl.startServer(RemoteJMeterEngineImpl.java:72) ~[ApacheJMeter_core.jar:5.3]
	at org.apache.jmeter.JMeter.start(JMeter.java:524) [ApacheJMeter_core.jar:5.3]
	at sun.reflect.NativeMethodAccessorImpl.invoke0(Native Method) ~[?:1.8.0_252]
	at sun.reflect.NativeMethodAccessorImpl.invoke(NativeMethodAccessorImpl.java:62) ~[?:1.8.0_252]
	at sun.reflect.DelegatingMethodAccessorImpl.invoke(DelegatingMethodAccessorImpl.java:43) ~[?:1.8.0_252]
	at java.lang.reflect.Method.invoke(Method.java:498) ~[?:1.8.0_252]
	at org.apache.jmeter.NewDriver.main(NewDriver.java:252) [ApacheJMeter.jar:5.3]
